warning: source /home/mathias/Bureau/UQAC/Cours2019-2020/Cours/T1_Genie_logiciel/Projet/project_GL_uqac_automne2019/res/imgs is not a readable file or directory... skipping.
/home/mathias/Bureau/UQAC/Cours2019-2020/Cours/T1_Genie_logiciel/Projet/project_GL_uqac_automne2019/inc/Api.hpp:31: warning: Compound AuthMember is not documented.
/home/mathias/Bureau/UQAC/Cours2019-2020/Cours/T1_Genie_logiciel/Projet/project_GL_uqac_automne2019/inc/TeamMember.h:6: warning: Compound TeamMember is not documented.
/home/mathias/Bureau/UQAC/Cours2019-2020/Cours/T1_Genie_logiciel/Projet/project_GL_uqac_automne2019/inc/Api.hpp:20: warning: Compound AuthUser is not documented.
/home/mathias/Bureau/UQAC/Cours2019-2020/Cours/T1_Genie_logiciel/Projet/project_GL_uqac_automne2019/inc/Planning.h:6: warning: Compound Pause is not documented.
/home/mathias/Bureau/UQAC/Cours2019-2020/Cours/T1_Genie_logiciel/Projet/project_GL_uqac_automne2019/inc/Planning.h:17: warning: Compound Planning is not documented.
/home/mathias/Bureau/UQAC/Cours2019-2020/Cours/T1_Genie_logiciel/Projet/project_GL_uqac_automne2019/inc/AddMemberModal.h:6: warning: Compound AddMemberModal is not documented.
/home/mathias/Bureau/UQAC/Cours2019-2020/Cours/T1_Genie_logiciel/Projet/project_GL_uqac_automne2019/inc/Globals.h:6: warning: Compound Globals is not documented.
/home/mathias/Bureau/UQAC/Cours2019-2020/Cours/T1_Genie_logiciel/Projet/project_GL_uqac_automne2019/inc/AddMemberModal.h:13: warning: Member Columns (enumeration) of class AddMemberModal is not documented.
/home/mathias/Bureau/UQAC/Cours2019-2020/Cours/T1_Genie_logiciel/Projet/project_GL_uqac_automne2019/inc/AddMemberModal.h:34: warning: Member addNewMember() (slot) of class AddMemberModal is not documented.
/home/mathias/Bureau/UQAC/Cours2019-2020/Cours/T1_Genie_logiciel/Projet/project_GL_uqac_automne2019/inc/AddMemberModal.h:35: warning: Member addingNewMember(const std::string &id) (slot) of class AddMemberModal is not documented.
/home/mathias/Bureau/UQAC/Cours2019-2020/Cours/T1_Genie_logiciel/Projet/project_GL_uqac_automne2019/inc/AddMemberModal.h:10: warning: Member AddMemberModal(QWidget *parent, std::vector< TeamMember > &teamMembers, QTableWidget &teamTable, Api &api) (function) of class AddMemberModal is not documented.
/home/mathias/Bureau/UQAC/Cours2019-2020/Cours/T1_Genie_logiciel/Projet/project_GL_uqac_automne2019/inc/AddMemberModal.h:18: warning: Member AddMemberModal(const AddMemberModal &other) (function) of class AddMemberModal is not documented.
/home/mathias/Bureau/UQAC/Cours2019-2020/Cours/T1_Genie_logiciel/Projet/project_GL_uqac_automne2019/inc/AddMemberModal.h:19: warning: Member operator=(const AddMemberModal &other) (function) of class AddMemberModal is not documented.
/home/mathias/Bureau/UQAC/Cours2019-2020/Cours/T1_Genie_logiciel/Projet/project_GL_uqac_automne2019/inc/AddMemberModal.h:20: warning: Member init(const AddMemberModal *other=nullptr) (function) of class AddMemberModal is not documented.
/home/mathias/Bureau/UQAC/Cours2019-2020/Cours/T1_Genie_logiciel/Projet/project_GL_uqac_automne2019/inc/AddMemberModal.h:31: warning: Member initWindow() (function) of class AddMemberModal is not documented.
/home/mathias/Bureau/UQAC/Cours2019-2020/Cours/T1_Genie_logiciel/Projet/project_GL_uqac_automne2019/inc/AddMemberModal.h:23: warning: Member _register (variable) of class AddMemberModal is not documented.
/home/mathias/Bureau/UQAC/Cours2019-2020/Cours/T1_Genie_logiciel/Projet/project_GL_uqac_automne2019/inc/AddMemberModal.h:24: warning: Member _confirmButton (variable) of class AddMemberModal is not documented.
/home/mathias/Bureau/UQAC/Cours2019-2020/Cours/T1_Genie_logiciel/Projet/project_GL_uqac_automne2019/inc/AddMemberModal.h:26: warning: Member _daysOff (variable) of class AddMemberModal is not documented.
/home/mathias/Bureau/UQAC/Cours2019-2020/Cours/T1_Genie_logiciel/Projet/project_GL_uqac_automne2019/inc/AddMemberModal.h:27: warning: Member _teamMembers (variable) of class AddMemberModal is not documented.
/home/mathias/Bureau/UQAC/Cours2019-2020/Cours/T1_Genie_logiciel/Projet/project_GL_uqac_automne2019/inc/AddMemberModal.h:28: warning: Member _teamTable (variable) of class AddMemberModal is not documented.
/home/mathias/Bureau/UQAC/Cours2019-2020/Cours/T1_Genie_logiciel/Projet/project_GL_uqac_automne2019/inc/AddMemberModal.h:29: warning: Member _api (variable) of class AddMemberModal is not documented.
/home/mathias/Bureau/UQAC/Cours2019-2020/Cours/T1_Genie_logiciel/Projet/project_GL_uqac_automne2019/inc/Api.hpp:86: warning: Member getAll() (slot) of class Api is not documented.
/home/mathias/Bureau/UQAC/Cours2019-2020/Cours/T1_Genie_logiciel/Projet/project_GL_uqac_automne2019/inc/Api.hpp:88: warning: Member auth_end(QNetworkReply *reply) (slot) of class Api is not documented.
/home/mathias/Bureau/UQAC/Cours2019-2020/Cours/T1_Genie_logiciel/Projet/project_GL_uqac_automne2019/inc/Api.hpp:89: warning: Member register_end(QNetworkReply *reply) (slot) of class Api is not documented.
/home/mathias/Bureau/UQAC/Cours2019-2020/Cours/T1_Genie_logiciel/Projet/project_GL_uqac_automne2019/inc/Api.hpp:90: warning: Member save_end(QNetworkReply *reply) (slot) of class Api is not documented.
/home/mathias/Bureau/UQAC/Cours2019-2020/Cours/T1_Genie_logiciel/Projet/project_GL_uqac_automne2019/inc/Api.hpp:91: warning: Member saveMembers_end(QNetworkReply *reply) (slot) of class Api is not documented.
/home/mathias/Bureau/UQAC/Cours2019-2020/Cours/T1_Genie_logiciel/Projet/project_GL_uqac_automne2019/inc/Api.hpp:92: warning: Member getAll_end(QNetworkReply *reply) (slot) of class Api is not documented.
/home/mathias/Bureau/UQAC/Cours2019-2020/Cours/T1_Genie_logiciel/Projet/project_GL_uqac_automne2019/inc/Api.hpp:93: warning: Member compute_end(QNetworkReply *reply) (slot) of class Api is not documented.
/home/mathias/Bureau/UQAC/Cours2019-2020/Cours/T1_Genie_logiciel/Projet/project_GL_uqac_automne2019/inc/Api.hpp:95: warning: Member register_user_end(QNetworkReply *reply) (slot) of class Api is not documented.
/home/mathias/Bureau/UQAC/Cours2019-2020/Cours/T1_Genie_logiciel/Projet/project_GL_uqac_automne2019/inc/Api.hpp:96: warning: Member register_team_end(QNetworkReply *reply) (slot) of class Api is not documented.
/home/mathias/Bureau/UQAC/Cours2019-2020/Cours/T1_Genie_logiciel/Projet/project_GL_uqac_automne2019/inc/Api.hpp:97: warning: Member register_teammember_end(QNetworkReply *reply) (slot) of class Api is not documented.
/home/mathias/Bureau/UQAC/Cours2019-2020/Cours/T1_Genie_logiciel/Projet/project_GL_uqac_automne2019/inc/Api.hpp:99: warning: Member signin_user_end(QNetworkReply *reply) (slot) of class Api is not documented.
/home/mathias/Bureau/UQAC/Cours2019-2020/Cours/T1_Genie_logiciel/Projet/project_GL_uqac_automne2019/inc/Api.hpp:100: warning: Member signin_teammember_end(QNetworkReply *reply) (slot) of class Api is not documented.
/home/mathias/Bureau/UQAC/Cours2019-2020/Cours/T1_Genie_logiciel/Projet/project_GL_uqac_automne2019/inc/Api.hpp:103: warning: Member auth_ended() (signal) of class Api is not documented.
/home/mathias/Bureau/UQAC/Cours2019-2020/Cours/T1_Genie_logiciel/Projet/project_GL_uqac_automne2019/inc/Api.hpp:104: warning: Member auth_error() (signal) of class Api is not documented.
/home/mathias/Bureau/UQAC/Cours2019-2020/Cours/T1_Genie_logiciel/Projet/project_GL_uqac_automne2019/inc/Api.hpp:106: warning: Member signin_ended() (signal) of class Api is not documented.
/home/mathias/Bureau/UQAC/Cours2019-2020/Cours/T1_Genie_logiciel/Projet/project_GL_uqac_automne2019/inc/Api.hpp:107: warning: Member signin_error() (signal) of class Api is not documented.
/home/mathias/Bureau/UQAC/Cours2019-2020/Cours/T1_Genie_logiciel/Projet/project_GL_uqac_automne2019/inc/Api.hpp:109: warning: Member signin_ended(const std::string &id) (signal) of class Api is not documented.
/home/mathias/Bureau/UQAC/Cours2019-2020/Cours/T1_Genie_logiciel/Projet/project_GL_uqac_automne2019/inc/Api.hpp:110: warning: Member signin_error(const std::string &id) (signal) of class Api is not documented.
/home/mathias/Bureau/UQAC/Cours2019-2020/Cours/T1_Genie_logiciel/Projet/project_GL_uqac_automne2019/inc/Api.hpp:112: warning: Member save_ended() (signal) of class Api is not documented.
/home/mathias/Bureau/UQAC/Cours2019-2020/Cours/T1_Genie_logiciel/Projet/project_GL_uqac_automne2019/inc/Api.hpp:113: warning: Member save_error() (signal) of class Api is not documented.
/home/mathias/Bureau/UQAC/Cours2019-2020/Cours/T1_Genie_logiciel/Projet/project_GL_uqac_automne2019/inc/Api.hpp:115: warning: Member saveMembers_ended() (signal) of class Api is not documented.
/home/mathias/Bureau/UQAC/Cours2019-2020/Cours/T1_Genie_logiciel/Projet/project_GL_uqac_automne2019/inc/Api.hpp:116: warning: Member saveMembers_error() (signal) of class Api is not documented.
/home/mathias/Bureau/UQAC/Cours2019-2020/Cours/T1_Genie_logiciel/Projet/project_GL_uqac_automne2019/inc/Api.hpp:118: warning: Member getAll_ended() (signal) of class Api is not documented.
/home/mathias/Bureau/UQAC/Cours2019-2020/Cours/T1_Genie_logiciel/Projet/project_GL_uqac_automne2019/inc/Api.hpp:119: warning: Member getAll_ended(const Globals &globals, const std::vector< TeamMember > &teamMembers, const Planning &planning) (signal) of class Api is not documented.
/home/mathias/Bureau/UQAC/Cours2019-2020/Cours/T1_Genie_logiciel/Projet/project_GL_uqac_automne2019/inc/Api.hpp:120: warning: Member getAll_error() (signal) of class Api is not documented.
/home/mathias/Bureau/UQAC/Cours2019-2020/Cours/T1_Genie_logiciel/Projet/project_GL_uqac_automne2019/inc/Api.hpp:122: warning: Member compute_ended() (signal) of class Api is not documented.
/home/mathias/Bureau/UQAC/Cours2019-2020/Cours/T1_Genie_logiciel/Projet/project_GL_uqac_automne2019/inc/Api.hpp:123: warning: Member compute_error() (signal) of class Api is not documented.
/home/mathias/Bureau/UQAC/Cours2019-2020/Cours/T1_Genie_logiciel/Projet/project_GL_uqac_automne2019/inc/Api.hpp:62: warning: Member isChef() const (function) of class Api is not documented.
/home/mathias/Bureau/UQAC/Cours2019-2020/Cours/T1_Genie_logiciel/Projet/project_GL_uqac_automne2019/inc/Api.hpp:72: warning: Member connection(const std::string &host) (function) of class Api is not documented.
/home/mathias/Bureau/UQAC/Cours2019-2020/Cours/T1_Genie_logiciel/Projet/project_GL_uqac_automne2019/inc/Api.hpp:74: warning: Member auth(const std::string &user, const std::string &pass) (function) of class Api is not documented.
/home/mathias/Bureau/UQAC/Cours2019-2020/Cours/T1_Genie_logiciel/Projet/project_GL_uqac_automne2019/inc/Api.hpp:76: warning: Member signin(const AuthUser &user, const AuthMember &member, const std::string &teamName) (function) of class Api is not documented.
/home/mathias/Bureau/UQAC/Cours2019-2020/Cours/T1_Genie_logiciel/Projet/project_GL_uqac_automne2019/inc/Api.hpp:77: warning: Member signin(const AuthUser &user, const AuthMember &member) (function) of class Api is not documented.
/home/mathias/Bureau/UQAC/Cours2019-2020/Cours/T1_Genie_logiciel/Projet/project_GL_uqac_automne2019/inc/Api.hpp:79: warning: Member save(const Globals &team, const Planning &planning) (function) of class Api is not documented.
/home/mathias/Bureau/UQAC/Cours2019-2020/Cours/T1_Genie_logiciel/Projet/project_GL_uqac_automne2019/inc/Api.hpp:80: warning: Member saveMembers(const std::vector< TeamMember > &team) (function) of class Api is not documented.
/home/mathias/Bureau/UQAC/Cours2019-2020/Cours/T1_Genie_logiciel/Projet/project_GL_uqac_automne2019/inc/Api.hpp:81: warning: Member deleteMember(const std::string &id) (function) of class Api is not documented.
/home/mathias/Bureau/UQAC/Cours2019-2020/Cours/T1_Genie_logiciel/Projet/project_GL_uqac_automne2019/inc/Api.hpp:83: warning: Member compute() (function) of class Api is not documented.
/home/mathias/Bureau/UQAC/Cours2019-2020/Cours/T1_Genie_logiciel/Projet/project_GL_uqac_automne2019/inc/Api.hpp:135: warning: Member base64_encode(const std::string &str) (function) of class Api is not documented.
/home/mathias/Bureau/UQAC/Cours2019-2020/Cours/T1_Genie_logiciel/Projet/project_GL_uqac_automne2019/inc/Api.hpp:154: warning: Member _managers (variable) of class Api is not documented.
/home/mathias/Bureau/UQAC/Cours2019-2020/Cours/T1_Genie_logiciel/Projet/project_GL_uqac_automne2019/inc/Api.hpp:155: warning: Member _urls (variable) of class Api is not documented.
/home/mathias/Bureau/UQAC/Cours2019-2020/Cours/T1_Genie_logiciel/Projet/project_GL_uqac_automne2019/inc/Api.hpp:156: warning: Member _host (variable) of class Api is not documented.
/home/mathias/Bureau/UQAC/Cours2019-2020/Cours/T1_Genie_logiciel/Projet/project_GL_uqac_automne2019/inc/Api.hpp:138: warning: Member createUrl(const std::string &str) (function) of class Api is not documented.
/home/mathias/Bureau/UQAC/Cours2019-2020/Cours/T1_Genie_logiciel/Projet/project_GL_uqac_automne2019/inc/Api.hpp:139: warning: Member jsonParse(const std::string &str) (function) of class Api is not documented.
/home/mathias/Bureau/UQAC/Cours2019-2020/Cours/T1_Genie_logiciel/Projet/project_GL_uqac_automne2019/inc/Api.hpp:140: warning: Member printJsonError(const QJsonObject &json) (function) of class Api is not documented.
/home/mathias/Bureau/UQAC/Cours2019-2020/Cours/T1_Genie_logiciel/Projet/project_GL_uqac_automne2019/inc/Api.hpp:141: warning: Member createRequest(const std::string &url, const std::string &managerName) (function) of class Api is not documented.
/home/mathias/Bureau/UQAC/Cours2019-2020/Cours/T1_Genie_logiciel/Projet/project_GL_uqac_automne2019/inc/Api.hpp:162: warning: Member _token (variable) of class Api is not documented.
/home/mathias/Bureau/UQAC/Cours2019-2020/Cours/T1_Genie_logiciel/Projet/project_GL_uqac_automne2019/inc/Api.hpp:163: warning: Member _userid (variable) of class Api is not documented.
/home/mathias/Bureau/UQAC/Cours2019-2020/Cours/T1_Genie_logiciel/Projet/project_GL_uqac_automne2019/inc/Api.hpp:164: warning: Member _username (variable) of class Api is not documented.
/home/mathias/Bureau/UQAC/Cours2019-2020/Cours/T1_Genie_logiciel/Projet/project_GL_uqac_automne2019/inc/Api.hpp:165: warning: Member _teamid (variable) of class Api is not documented.
/home/mathias/Bureau/UQAC/Cours2019-2020/Cours/T1_Genie_logiciel/Projet/project_GL_uqac_automne2019/inc/Api.hpp:166: warning: Member _teammemberid (variable) of class Api is not documented.
/home/mathias/Bureau/UQAC/Cours2019-2020/Cours/T1_Genie_logiciel/Projet/project_GL_uqac_automne2019/inc/Api.hpp:168: warning: Member _chef (variable) of class Api is not documented.
/home/mathias/Bureau/UQAC/Cours2019-2020/Cours/T1_Genie_logiciel/Projet/project_GL_uqac_automne2019/inc/Api.hpp:169: warning: Member _firstGet (variable) of class Api is not documented.
/home/mathias/Bureau/UQAC/Cours2019-2020/Cours/T1_Genie_logiciel/Projet/project_GL_uqac_automne2019/inc/Api.hpp:33: warning: Member AuthMember(const std::string &first, const std::string &last, const std::string &days, double hours) (function) of class AuthMember is not documented.
/home/mathias/Bureau/UQAC/Cours2019-2020/Cours/T1_Genie_logiciel/Projet/project_GL_uqac_automne2019/inc/Api.hpp:40: warning: Member firstname (variable) of class AuthMember is not documented.
/home/mathias/Bureau/UQAC/Cours2019-2020/Cours/T1_Genie_logiciel/Projet/project_GL_uqac_automne2019/inc/Api.hpp:41: warning: Member lastname (variable) of class AuthMember is not documented.
/home/mathias/Bureau/UQAC/Cours2019-2020/Cours/T1_Genie_logiciel/Projet/project_GL_uqac_automne2019/inc/Api.hpp:42: warning: Member daysOff (variable) of class AuthMember is not documented.
/home/mathias/Bureau/UQAC/Cours2019-2020/Cours/T1_Genie_logiciel/Projet/project_GL_uqac_automne2019/inc/Api.hpp:43: warning: Member nbHours (variable) of class AuthMember is not documented.
/home/mathias/Bureau/UQAC/Cours2019-2020/Cours/T1_Genie_logiciel/Projet/project_GL_uqac_automne2019/inc/Api.hpp:22: warning: Member AuthUser(const std::string &user, const std::string &pass) (function) of class AuthUser is not documented.
/home/mathias/Bureau/UQAC/Cours2019-2020/Cours/T1_Genie_logiciel/Projet/project_GL_uqac_automne2019/inc/Api.hpp:27: warning: Member username (variable) of class AuthUser is not documented.
/home/mathias/Bureau/UQAC/Cours2019-2020/Cours/T1_Genie_logiciel/Projet/project_GL_uqac_automne2019/inc/Api.hpp:28: warning: Member password (variable) of class AuthUser is not documented.
/home/mathias/Bureau/UQAC/Cours2019-2020/Cours/T1_Genie_logiciel/Projet/project_GL_uqac_automne2019/inc/ConnectWindow.h:40: warning: Member connection() (slot) of class ConnectWindow is not documented.
/home/mathias/Bureau/UQAC/Cours2019-2020/Cours/T1_Genie_logiciel/Projet/project_GL_uqac_automne2019/inc/ConnectWindow.h:41: warning: Member signingin() (slot) of class ConnectWindow is not documented.
/home/mathias/Bureau/UQAC/Cours2019-2020/Cours/T1_Genie_logiciel/Projet/project_GL_uqac_automne2019/inc/ConnectWindow.h:42: warning: Member goThrough() (slot) of class ConnectWindow is not documented.
/home/mathias/Bureau/UQAC/Cours2019-2020/Cours/T1_Genie_logiciel/Projet/project_GL_uqac_automne2019/inc/ConnectWindow.h:43: warning: Member reenableLinks() (slot) of class ConnectWindow is not documented.
/home/mathias/Bureau/UQAC/Cours2019-2020/Cours/T1_Genie_logiciel/Projet/project_GL_uqac_automne2019/inc/ConnectWindow.h:20: warning: parameters of member ConnectWindow::ConnectWindow are not (all) documented
/home/mathias/Bureau/UQAC/Cours2019-2020/Cours/T1_Genie_logiciel/Projet/project_GL_uqac_automne2019/inc/ConnectWindow.h:33: warning: Member link(SigninWindow *wind) (function) of class ConnectWindow is not documented.
/home/mathias/Bureau/UQAC/Cours2019-2020/Cours/T1_Genie_logiciel/Projet/project_GL_uqac_automne2019/inc/ConnectWindow.h:36: warning: Member testConnect(const std::string &user, const std::string &pass) (function) of class ConnectWindow is not documented.
/home/mathias/Bureau/UQAC/Cours2019-2020/Cours/T1_Genie_logiciel/Projet/project_GL_uqac_automne2019/inc/ConnectWindow.h:37: warning: Member testRegister() (function) of class ConnectWindow is not documented.
/home/mathias/Bureau/UQAC/Cours2019-2020/Cours/T1_Genie_logiciel/Projet/project_GL_uqac_automne2019/inc/ConnectWindow.h:58: warning: Member showEvent(QShowEvent *event) (function) of class ConnectWindow is not documented.
/home/mathias/Bureau/UQAC/Cours2019-2020/Cours/T1_Genie_logiciel/Projet/project_GL_uqac_automne2019/inc/ConnectWindow.h:61: warning: Member ConnectWindow(const ConnectWindow &other) (function) of class ConnectWindow is not documented.
/home/mathias/Bureau/UQAC/Cours2019-2020/Cours/T1_Genie_logiciel/Projet/project_GL_uqac_automne2019/inc/ConnectWindow.h:62: warning: Member operator=(const ConnectWindow &other) (function) of class ConnectWindow is not documented.
/home/mathias/Bureau/UQAC/Cours2019-2020/Cours/T1_Genie_logiciel/Projet/project_GL_uqac_automne2019/inc/ConnectWindow.h:63: warning: Member init(const ConnectWindow *other=nullptr) (function) of class ConnectWindow is not documented.
/home/mathias/Bureau/UQAC/Cours2019-2020/Cours/T1_Genie_logiciel/Projet/project_GL_uqac_automne2019/inc/ConnectWindow.h:82: warning: Member centerLayout (variable) of class ConnectWindow is not documented.
/home/mathias/Bureau/UQAC/Cours2019-2020/Cours/T1_Genie_logiciel/Projet/project_GL_uqac_automne2019/inc/ConnectWindow.h:83: warning: Member center (variable) of class ConnectWindow is not documented.
/home/mathias/Bureau/UQAC/Cours2019-2020/Cours/T1_Genie_logiciel/Projet/project_GL_uqac_automne2019/inc/ConnectWindow.h:85: warning: Member _signinWindow (variable) of class ConnectWindow is not documented.
/home/mathias/Bureau/UQAC/Cours2019-2020/Cours/T1_Genie_logiciel/Projet/project_GL_uqac_automne2019/inc/ConnectWindow.h:87: warning: Member _username (variable) of class ConnectWindow is not documented.
/home/mathias/Bureau/UQAC/Cours2019-2020/Cours/T1_Genie_logiciel/Projet/project_GL_uqac_automne2019/inc/ConnectWindow.h:88: warning: Member _password (variable) of class ConnectWindow is not documented.
/home/mathias/Bureau/UQAC/Cours2019-2020/Cours/T1_Genie_logiciel/Projet/project_GL_uqac_automne2019/inc/ConnectWindow.h:89: warning: Member _connect (variable) of class ConnectWindow is not documented.
/home/mathias/Bureau/UQAC/Cours2019-2020/Cours/T1_Genie_logiciel/Projet/project_GL_uqac_automne2019/inc/ConnectWindow.h:90: warning: Member _signin (variable) of class ConnectWindow is not documented.
/home/mathias/Bureau/UQAC/Cours2019-2020/Cours/T1_Genie_logiciel/Projet/project_GL_uqac_automne2019/inc/ConnectWindow.h:92: warning: Member _mainWindow (variable) of class ConnectWindow is not documented.
/home/mathias/Bureau/UQAC/Cours2019-2020/Cours/T1_Genie_logiciel/Projet/project_GL_uqac_automne2019/inc/ConnectWindow.h:93: warning: Member _api (variable) of class ConnectWindow is not documented.
/home/mathias/Bureau/UQAC/Cours2019-2020/Cours/T1_Genie_logiciel/Projet/project_GL_uqac_automne2019/inc/Globals.h:15: warning: Member Globals(float start, float end, float hours, const std::vector< std::string > &days) (function) of class Globals is not documented.
/home/mathias/Bureau/UQAC/Cours2019-2020/Cours/T1_Genie_logiciel/Projet/project_GL_uqac_automne2019/inc/Globals.h:22: warning: Member startMin (variable) of class Globals is not documented.
/home/mathias/Bureau/UQAC/Cours2019-2020/Cours/T1_Genie_logiciel/Projet/project_GL_uqac_automne2019/inc/Globals.h:23: warning: Member endMax (variable) of class Globals is not documented.
/home/mathias/Bureau/UQAC/Cours2019-2020/Cours/T1_Genie_logiciel/Projet/project_GL_uqac_automne2019/inc/Globals.h:24: warning: Member nbHours (variable) of class Globals is not documented.
/home/mathias/Bureau/UQAC/Cours2019-2020/Cours/T1_Genie_logiciel/Projet/project_GL_uqac_automne2019/inc/Globals.h:25: warning: Member workedDays (variable) of class Globals is not documented.
/home/mathias/Bureau/UQAC/Cours2019-2020/Cours/T1_Genie_logiciel/Projet/project_GL_uqac_automne2019/inc/MainWindow_TabGeneral.h:23: warning: Member generalAllCheckstate(int state) (slot) of class MainWindow is not documented.
/home/mathias/Bureau/UQAC/Cours2019-2020/Cours/T1_Genie_logiciel/Projet/project_GL_uqac_automne2019/inc/MainWindow_TabGeneral.h:24: warning: Member generalSaveDatas() (slot) of class MainWindow is not documented.
/home/mathias/Bureau/UQAC/Cours2019-2020/Cours/T1_Genie_logiciel/Projet/project_GL_uqac_automne2019/inc/MainWindow_TabGeneral.h:25: warning: Member generalCalculate() (slot) of class MainWindow is not documented.
/home/mathias/Bureau/UQAC/Cours2019-2020/Cours/T1_Genie_logiciel/Projet/project_GL_uqac_automne2019/inc/MainWindow_TabGeneral.h:27: warning: Member reenableSave() (slot) of class MainWindow is not documented.
/home/mathias/Bureau/UQAC/Cours2019-2020/Cours/T1_Genie_logiciel/Projet/project_GL_uqac_automne2019/inc/MainWindow_TabGeneral.h:28: warning: Member reenableGen() (slot) of class MainWindow is not documented.
/home/mathias/Bureau/UQAC/Cours2019-2020/Cours/T1_Genie_logiciel/Projet/project_GL_uqac_automne2019/inc/MainWindow_TabGeneral.h:29: warning: Member computeIfNeeded() (slot) of class MainWindow is not documented.
/home/mathias/Bureau/UQAC/Cours2019-2020/Cours/T1_Genie_logiciel/Projet/project_GL_uqac_automne2019/inc/MainWindow_TabGeneral.h:31: warning: Member g_setAll(const Globals &gl, const std::vector< TeamMember > &tm, const Planning &pl) (slot) of class MainWindow is not documented.
/home/mathias/Bureau/UQAC/Cours2019-2020/Cours/T1_Genie_logiciel/Projet/project_GL_uqac_automne2019/inc/MainWindow_TabTeam.h:23: warning: Member addMember() (slot) of class MainWindow is not documented.
/home/mathias/Bureau/UQAC/Cours2019-2020/Cours/T1_Genie_logiciel/Projet/project_GL_uqac_automne2019/inc/MainWindow_TabTeam.h:24: warning: Member editMember(QTableWidgetItem *item) (slot) of class MainWindow is not documented.
/home/mathias/Bureau/UQAC/Cours2019-2020/Cours/T1_Genie_logiciel/Projet/project_GL_uqac_automne2019/inc/MainWindow_TabTeam.h:25: warning: Member deleteMember() (slot) of class MainWindow is not documented.
/home/mathias/Bureau/UQAC/Cours2019-2020/Cours/T1_Genie_logiciel/Projet/project_GL_uqac_automne2019/inc/MainWindow_TabTeam.h:26: warning: Member updateSelectedMember(int row, int) (slot) of class MainWindow is not documented.
/home/mathias/Bureau/UQAC/Cours2019-2020/Cours/T1_Genie_logiciel/Projet/project_GL_uqac_automne2019/inc/MainWindow_TabTeam.h:28: warning: Member t_setAll(const Globals &gl, const std::vector< TeamMember > &tm, const Planning &pl) (slot) of class MainWindow is not documented.
/home/mathias/Bureau/UQAC/Cours2019-2020/Cours/T1_Genie_logiciel/Projet/project_GL_uqac_automne2019/inc/MainWindow_TabPlanning.h:23: warning: Member p_setAll(const Globals &gl, const std::vector< TeamMember > &tm, const Planning &pl) (slot) of class MainWindow is not documented.
/home/mathias/Bureau/UQAC/Cours2019-2020/Cours/T1_Genie_logiciel/Projet/project_GL_uqac_automne2019/inc/MainWindow.h:17: warning: parameters of member MainWindow::MainWindow are not (all) documented
/home/mathias/Bureau/UQAC/Cours2019-2020/Cours/T1_Genie_logiciel/Projet/project_GL_uqac_automne2019/inc/MainWindow.h:20: warning: Member initWindow() (function) of class MainWindow is not documented.
/home/mathias/Bureau/UQAC/Cours2019-2020/Cours/T1_Genie_logiciel/Projet/project_GL_uqac_automne2019/inc/MainWindow_TabPlanning.h:56: warning: Member _p_globals (variable) of class MainWindow is not documented.
/home/mathias/Bureau/UQAC/Cours2019-2020/Cours/T1_Genie_logiciel/Projet/project_GL_uqac_automne2019/inc/MainWindow_TabPlanning.h:57: warning: Member _p_teamMembers (variable) of class MainWindow is not documented.
/home/mathias/Bureau/UQAC/Cours2019-2020/Cours/T1_Genie_logiciel/Projet/project_GL_uqac_automne2019/inc/MainWindow.h:23: warning: Member MainWindow(const MainWindow &other) (function) of class MainWindow is not documented.
/home/mathias/Bureau/UQAC/Cours2019-2020/Cours/T1_Genie_logiciel/Projet/project_GL_uqac_automne2019/inc/MainWindow.h:24: warning: Member operator=(const MainWindow &other) (function) of class MainWindow is not documented.
/home/mathias/Bureau/UQAC/Cours2019-2020/Cours/T1_Genie_logiciel/Projet/project_GL_uqac_automne2019/inc/MainWindow.h:25: warning: Member init(const MainWindow *other=nullptr) (function) of class MainWindow is not documented.
/home/mathias/Bureau/UQAC/Cours2019-2020/Cours/T1_Genie_logiciel/Projet/project_GL_uqac_automne2019/inc/MainWindow.h:26: warning: Member closeEvent(QCloseEvent *event) (function) of class MainWindow is not documented.
/home/mathias/Bureau/UQAC/Cours2019-2020/Cours/T1_Genie_logiciel/Projet/project_GL_uqac_automne2019/inc/MainWindow_TabGeneral.h:49: warning: Member initGeneralTab(QTabWidget *tabWidget) (function) of class MainWindow is not documented.
/home/mathias/Bureau/UQAC/Cours2019-2020/Cours/T1_Genie_logiciel/Projet/project_GL_uqac_automne2019/inc/MainWindow_TabGeneral.h:50: warning: Member initGeneralTab(QTabWidget *tabWidget, Globals initGlob) (function) of class MainWindow is not documented.
/home/mathias/Bureau/UQAC/Cours2019-2020/Cours/T1_Genie_logiciel/Projet/project_GL_uqac_automne2019/inc/MainWindow_TabGeneral.h:51: warning: Member resetGeneralTab(QTabWidget *tabWidget) (function) of class MainWindow is not documented.
/home/mathias/Bureau/UQAC/Cours2019-2020/Cours/T1_Genie_logiciel/Projet/project_GL_uqac_automne2019/inc/MainWindow_TabGeneral.h:52: warning: Member deleteGeneralTab(QTabWidget *tabWidget) (function) of class MainWindow is not documented.
/home/mathias/Bureau/UQAC/Cours2019-2020/Cours/T1_Genie_logiciel/Projet/project_GL_uqac_automne2019/inc/MainWindow_TabGeneral.h:53: warning: Member setValues(Globals initGlob) (function) of class MainWindow is not documented.
/home/mathias/Bureau/UQAC/Cours2019-2020/Cours/T1_Genie_logiciel/Projet/project_GL_uqac_automne2019/inc/MainWindow_TabGeneral.h:55: warning: Member translate() (function) of class MainWindow is not documented.
/home/mathias/Bureau/UQAC/Cours2019-2020/Cours/T1_Genie_logiciel/Projet/project_GL_uqac_automne2019/inc/MainWindow_TabGeneral.h:56: warning: Member getQTimeFromFloat(float time) (function) of class MainWindow is not documented.
/home/mathias/Bureau/UQAC/Cours2019-2020/Cours/T1_Genie_logiciel/Projet/project_GL_uqac_automne2019/inc/MainWindow_TabTeam.h:45: warning: Member initTeamTab(QTabWidget *tabWidget) (function) of class MainWindow is not documented.
/home/mathias/Bureau/UQAC/Cours2019-2020/Cours/T1_Genie_logiciel/Projet/project_GL_uqac_automne2019/inc/MainWindow_TabTeam.h:46: warning: Member resetTeamTab(QTabWidget *tabWidget) (function) of class MainWindow is not documented.
/home/mathias/Bureau/UQAC/Cours2019-2020/Cours/T1_Genie_logiciel/Projet/project_GL_uqac_automne2019/inc/MainWindow_TabTeam.h:47: warning: Member deleteTeamTab(QTabWidget *tabWidget) (function) of class MainWindow is not documented.
/home/mathias/Bureau/UQAC/Cours2019-2020/Cours/T1_Genie_logiciel/Projet/project_GL_uqac_automne2019/inc/MainWindow_TabTeam.h:48: warning: Member initTeamTable() (function) of class MainWindow is not documented.
/home/mathias/Bureau/UQAC/Cours2019-2020/Cours/T1_Genie_logiciel/Projet/project_GL_uqac_automne2019/inc/MainWindow_TabPlanning.h:41: warning: Member initPlanningTab(QTabWidget *tabWidget) (function) of class MainWindow is not documented.
/home/mathias/Bureau/UQAC/Cours2019-2020/Cours/T1_Genie_logiciel/Projet/project_GL_uqac_automne2019/inc/MainWindow_TabPlanning.h:42: warning: Member resetPlanningTab(QTabWidget *tabWidget) (function) of class MainWindow is not documented.
/home/mathias/Bureau/UQAC/Cours2019-2020/Cours/T1_Genie_logiciel/Projet/project_GL_uqac_automne2019/inc/MainWindow_TabPlanning.h:43: warning: Member deletePlanningTab(QTabWidget *tabWidget) (function) of class MainWindow is not documented.
/home/mathias/Bureau/UQAC/Cours2019-2020/Cours/T1_Genie_logiciel/Projet/project_GL_uqac_automne2019/inc/MainWindow.h:31: warning: Member centerLayout (variable) of class MainWindow is not documented.
/home/mathias/Bureau/UQAC/Cours2019-2020/Cours/T1_Genie_logiciel/Projet/project_GL_uqac_automne2019/inc/MainWindow.h:32: warning: Member center (variable) of class MainWindow is not documented.
/home/mathias/Bureau/UQAC/Cours2019-2020/Cours/T1_Genie_logiciel/Projet/project_GL_uqac_automne2019/inc/MainWindow.h:34: warning: Member _tab (variable) of class MainWindow is not documented.
/home/mathias/Bureau/UQAC/Cours2019-2020/Cours/T1_Genie_logiciel/Projet/project_GL_uqac_automne2019/inc/MainWindow_TabGeneral.h:75: warning: Member _g_tab (variable) of class MainWindow is not documented.
/home/mathias/Bureau/UQAC/Cours2019-2020/Cours/T1_Genie_logiciel/Projet/project_GL_uqac_automne2019/inc/MainWindow_TabGeneral.h:76: warning: Member _g_lay (variable) of class MainWindow is not documented.
/home/mathias/Bureau/UQAC/Cours2019-2020/Cours/T1_Genie_logiciel/Projet/project_GL_uqac_automne2019/inc/MainWindow_TabGeneral.h:78: warning: Member _g_daysChoice (variable) of class MainWindow is not documented.
/home/mathias/Bureau/UQAC/Cours2019-2020/Cours/T1_Genie_logiciel/Projet/project_GL_uqac_automne2019/inc/MainWindow_TabGeneral.h:79: warning: Member _g_checkAllLay (variable) of class MainWindow is not documented.
/home/mathias/Bureau/UQAC/Cours2019-2020/Cours/T1_Genie_logiciel/Projet/project_GL_uqac_automne2019/inc/MainWindow_TabGeneral.h:80: warning: Member _g_allCheckbox (variable) of class MainWindow is not documented.
/home/mathias/Bureau/UQAC/Cours2019-2020/Cours/T1_Genie_logiciel/Projet/project_GL_uqac_automne2019/inc/MainWindow_TabGeneral.h:81: warning: Member _g_checkDays (variable) of class MainWindow is not documented.
/home/mathias/Bureau/UQAC/Cours2019-2020/Cours/T1_Genie_logiciel/Projet/project_GL_uqac_automne2019/inc/MainWindow_TabGeneral.h:82: warning: Member _g_daysCheckboxes (variable) of class MainWindow is not documented.
/home/mathias/Bureau/UQAC/Cours2019-2020/Cours/T1_Genie_logiciel/Projet/project_GL_uqac_automne2019/inc/MainWindow_TabGeneral.h:84: warning: Member _g_minTimeLay (variable) of class MainWindow is not documented.
/home/mathias/Bureau/UQAC/Cours2019-2020/Cours/T1_Genie_logiciel/Projet/project_GL_uqac_automne2019/inc/MainWindow_TabGeneral.h:85: warning: Member _g_minTimeEdit (variable) of class MainWindow is not documented.
/home/mathias/Bureau/UQAC/Cours2019-2020/Cours/T1_Genie_logiciel/Projet/project_GL_uqac_automne2019/inc/MainWindow_TabGeneral.h:86: warning: Member _g_minTimeLabel (variable) of class MainWindow is not documented.
/home/mathias/Bureau/UQAC/Cours2019-2020/Cours/T1_Genie_logiciel/Projet/project_GL_uqac_automne2019/inc/MainWindow_TabGeneral.h:88: warning: Member _g_maxTimeLay (variable) of class MainWindow is not documented.
/home/mathias/Bureau/UQAC/Cours2019-2020/Cours/T1_Genie_logiciel/Projet/project_GL_uqac_automne2019/inc/MainWindow_TabGeneral.h:89: warning: Member _g_maxTimeEdit (variable) of class MainWindow is not documented.
/home/mathias/Bureau/UQAC/Cours2019-2020/Cours/T1_Genie_logiciel/Projet/project_GL_uqac_automne2019/inc/MainWindow_TabGeneral.h:90: warning: Member _g_maxTimeLabel (variable) of class MainWindow is not documented.
/home/mathias/Bureau/UQAC/Cours2019-2020/Cours/T1_Genie_logiciel/Projet/project_GL_uqac_automne2019/inc/MainWindow_TabGeneral.h:92: warning: Member _g_defaultHoursLay (variable) of class MainWindow is not documented.
/home/mathias/Bureau/UQAC/Cours2019-2020/Cours/T1_Genie_logiciel/Projet/project_GL_uqac_automne2019/inc/MainWindow_TabGeneral.h:93: warning: Member _g_defaultHoursEdit (variable) of class MainWindow is not documented.
/home/mathias/Bureau/UQAC/Cours2019-2020/Cours/T1_Genie_logiciel/Projet/project_GL_uqac_automne2019/inc/MainWindow_TabGeneral.h:94: warning: Member _g_defaultHoursLabel (variable) of class MainWindow is not documented.
/home/mathias/Bureau/UQAC/Cours2019-2020/Cours/T1_Genie_logiciel/Projet/project_GL_uqac_automne2019/inc/MainWindow_TabGeneral.h:96: warning: Member _g_toolBar (variable) of class MainWindow is not documented.
/home/mathias/Bureau/UQAC/Cours2019-2020/Cours/T1_Genie_logiciel/Projet/project_GL_uqac_automne2019/inc/MainWindow_TabGeneral.h:98: warning: Member _saveAct (variable) of class MainWindow is not documented.
/home/mathias/Bureau/UQAC/Cours2019-2020/Cours/T1_Genie_logiciel/Projet/project_GL_uqac_automne2019/inc/MainWindow_TabGeneral.h:99: warning: Member _genAct (variable) of class MainWindow is not documented.
/home/mathias/Bureau/UQAC/Cours2019-2020/Cours/T1_Genie_logiciel/Projet/project_GL_uqac_automne2019/inc/MainWindow_TabGeneral.h:100: warning: Member _syncAct (variable) of class MainWindow is not documented.
/home/mathias/Bureau/UQAC/Cours2019-2020/Cours/T1_Genie_logiciel/Projet/project_GL_uqac_automne2019/inc/MainWindow_TabTeam.h:67: warning: Member _teamTab (variable) of class MainWindow is not documented.
/home/mathias/Bureau/UQAC/Cours2019-2020/Cours/T1_Genie_logiciel/Projet/project_GL_uqac_automne2019/inc/MainWindow_TabTeam.h:68: warning: Member _teamCenter (variable) of class MainWindow is not documented.
/home/mathias/Bureau/UQAC/Cours2019-2020/Cours/T1_Genie_logiciel/Projet/project_GL_uqac_automne2019/inc/MainWindow_TabTeam.h:69: warning: Member _teamLay (variable) of class MainWindow is not documented.
/home/mathias/Bureau/UQAC/Cours2019-2020/Cours/T1_Genie_logiciel/Projet/project_GL_uqac_automne2019/inc/MainWindow_TabTeam.h:70: warning: Member _teamToolBar (variable) of class MainWindow is not documented.
/home/mathias/Bureau/UQAC/Cours2019-2020/Cours/T1_Genie_logiciel/Projet/project_GL_uqac_automne2019/inc/MainWindow_TabTeam.h:71: warning: Member _teamTable (variable) of class MainWindow is not documented.
/home/mathias/Bureau/UQAC/Cours2019-2020/Cours/T1_Genie_logiciel/Projet/project_GL_uqac_automne2019/inc/MainWindow_TabTeam.h:73: warning: Member selectedMember (variable) of class MainWindow is not documented.
/home/mathias/Bureau/UQAC/Cours2019-2020/Cours/T1_Genie_logiciel/Projet/project_GL_uqac_automne2019/inc/MainWindow_TabTeam.h:75: warning: Member teamMembers (variable) of class MainWindow is not documented.
/home/mathias/Bureau/UQAC/Cours2019-2020/Cours/T1_Genie_logiciel/Projet/project_GL_uqac_automne2019/inc/MainWindow_TabTeam.h:76: warning: Member selectedTeamMembers (variable) of class MainWindow is not documented.
/home/mathias/Bureau/UQAC/Cours2019-2020/Cours/T1_Genie_logiciel/Projet/project_GL_uqac_automne2019/inc/MainWindow_TabTeam.h:77: warning: Member _autoChange (variable) of class MainWindow is not documented.
/home/mathias/Bureau/UQAC/Cours2019-2020/Cours/T1_Genie_logiciel/Projet/project_GL_uqac_automne2019/inc/MainWindow_TabPlanning.h:63: warning: Member _planningTab (variable) of class MainWindow is not documented.
/home/mathias/Bureau/UQAC/Cours2019-2020/Cours/T1_Genie_logiciel/Projet/project_GL_uqac_automne2019/inc/MainWindow_TabPlanning.h:64: warning: Member _planningLay (variable) of class MainWindow is not documented.
/home/mathias/Bureau/UQAC/Cours2019-2020/Cours/T1_Genie_logiciel/Projet/project_GL_uqac_automne2019/inc/MainWindow_TabPlanning.h:66: warning: Member _planning (variable) of class MainWindow is not documented.
/home/mathias/Bureau/UQAC/Cours2019-2020/Cours/T1_Genie_logiciel/Projet/project_GL_uqac_automne2019/inc/MainWindow.h:40: warning: Member _api (variable) of class MainWindow is not documented.
/home/mathias/Bureau/UQAC/Cours2019-2020/Cours/T1_Genie_logiciel/Projet/project_GL_uqac_automne2019/inc/MainWindow_TabTeam.h:55: warning: Member operator==(const TeamMember &a, const int &b) (friend) of class MainWindow is not documented.
/home/mathias/Bureau/UQAC/Cours2019-2020/Cours/T1_Genie_logiciel/Projet/project_GL_uqac_automne2019/inc/Planning.h:13: warning: Member start (variable) of class Pause is not documented.
/home/mathias/Bureau/UQAC/Cours2019-2020/Cours/T1_Genie_logiciel/Projet/project_GL_uqac_automne2019/inc/Planning.h:14: warning: Member end (variable) of class Pause is not documented.
/home/mathias/Bureau/UQAC/Cours2019-2020/Cours/T1_Genie_logiciel/Projet/project_GL_uqac_automne2019/inc/Planning.h:24: warning: Member get() const (function) of class Planning is not documented.
/home/mathias/Bureau/UQAC/Cours2019-2020/Cours/T1_Genie_logiciel/Projet/project_GL_uqac_automne2019/inc/Planning.h:22: warning: Member operator<<(std::ostream &os, const Planning &p) (friend) of class Planning is not documented.
/home/mathias/Bureau/UQAC/Cours2019-2020/Cours/T1_Genie_logiciel/Projet/project_GL_uqac_automne2019/inc/RegisterWidget.h:35: warning: Member generalAllCheckstate(int state) (slot) of class RegisterWidget is not documented.
/home/mathias/Bureau/UQAC/Cours2019-2020/Cours/T1_Genie_logiciel/Projet/project_GL_uqac_automne2019/inc/RegisterWidget.h:19: warning: parameters of member RegisterWidget::RegisterWidget are not (all) documented
/home/mathias/Bureau/UQAC/Cours2019-2020/Cours/T1_Genie_logiciel/Projet/project_GL_uqac_automne2019/inc/RegisterWidget.h:22: warning: Member getDaysOff() const (function) of class RegisterWidget is not documented.
/home/mathias/Bureau/UQAC/Cours2019-2020/Cours/T1_Genie_logiciel/Projet/project_GL_uqac_automne2019/inc/RegisterWidget.h:62: warning: Member _username (variable) of class RegisterWidget is not documented.
/home/mathias/Bureau/UQAC/Cours2019-2020/Cours/T1_Genie_logiciel/Projet/project_GL_uqac_automne2019/inc/RegisterWidget.h:63: warning: Member _password (variable) of class RegisterWidget is not documented.
/home/mathias/Bureau/UQAC/Cours2019-2020/Cours/T1_Genie_logiciel/Projet/project_GL_uqac_automne2019/inc/RegisterWidget.h:64: warning: Member _passwordConf (variable) of class RegisterWidget is not documented.
/home/mathias/Bureau/UQAC/Cours2019-2020/Cours/T1_Genie_logiciel/Projet/project_GL_uqac_automne2019/inc/RegisterWidget.h:65: warning: Member _checkAll (variable) of class RegisterWidget is not documented.
/home/mathias/Bureau/UQAC/Cours2019-2020/Cours/T1_Genie_logiciel/Projet/project_GL_uqac_automne2019/inc/RegisterWidget.h:66: warning: Member _firstName (variable) of class RegisterWidget is not documented.
/home/mathias/Bureau/UQAC/Cours2019-2020/Cours/T1_Genie_logiciel/Projet/project_GL_uqac_automne2019/inc/RegisterWidget.h:67: warning: Member _lastName (variable) of class RegisterWidget is not documented.
/home/mathias/Bureau/UQAC/Cours2019-2020/Cours/T1_Genie_logiciel/Projet/project_GL_uqac_automne2019/inc/RegisterWidget.h:68: warning: Member _hoursPerWeek (variable) of class RegisterWidget is not documented.
/home/mathias/Bureau/UQAC/Cours2019-2020/Cours/T1_Genie_logiciel/Projet/project_GL_uqac_automne2019/inc/RegisterWidget.h:69: warning: Member _t_daysCheckboxes (variable) of class RegisterWidget is not documented.
/home/mathias/Bureau/UQAC/Cours2019-2020/Cours/T1_Genie_logiciel/Projet/project_GL_uqac_automne2019/inc/RegisterWidget.h:53: warning: Member RegisterWidget(const RegisterWidget &other) (function) of class RegisterWidget is not documented.
/home/mathias/Bureau/UQAC/Cours2019-2020/Cours/T1_Genie_logiciel/Projet/project_GL_uqac_automne2019/inc/RegisterWidget.h:54: warning: Member operator=(const RegisterWidget &other) (function) of class RegisterWidget is not documented.
/home/mathias/Bureau/UQAC/Cours2019-2020/Cours/T1_Genie_logiciel/Projet/project_GL_uqac_automne2019/inc/RegisterWidget.h:55: warning: Member init(const RegisterWidget *other=nullptr) (function) of class RegisterWidget is not documented.
/home/mathias/Bureau/UQAC/Cours2019-2020/Cours/T1_Genie_logiciel/Projet/project_GL_uqac_automne2019/inc/RegisterWidget.h:81: warning: Member centerLayout (variable) of class RegisterWidget is not documented.
/home/mathias/Bureau/UQAC/Cours2019-2020/Cours/T1_Genie_logiciel/Projet/project_GL_uqac_automne2019/inc/RegisterWidget.h:82: warning: Member _passless (variable) of class RegisterWidget is not documented.
/home/mathias/Bureau/UQAC/Cours2019-2020/Cours/T1_Genie_logiciel/Projet/project_GL_uqac_automne2019/inc/SigninWindow.h:37: warning: Member signingin() (slot) of class SigninWindow is not documented.
/home/mathias/Bureau/UQAC/Cours2019-2020/Cours/T1_Genie_logiciel/Projet/project_GL_uqac_automne2019/inc/SigninWindow.h:38: warning: Member connection() (slot) of class SigninWindow is not documented.
/home/mathias/Bureau/UQAC/Cours2019-2020/Cours/T1_Genie_logiciel/Projet/project_GL_uqac_automne2019/inc/SigninWindow.h:39: warning: Member goThrough() (slot) of class SigninWindow is not documented.
/home/mathias/Bureau/UQAC/Cours2019-2020/Cours/T1_Genie_logiciel/Projet/project_GL_uqac_automne2019/inc/SigninWindow.h:40: warning: Member reenableLinks() (slot) of class SigninWindow is not documented.
/home/mathias/Bureau/UQAC/Cours2019-2020/Cours/T1_Genie_logiciel/Projet/project_GL_uqac_automne2019/inc/SigninWindow.h:19: warning: parameters of member SigninWindow::SigninWindow are not (all) documented
/home/mathias/Bureau/UQAC/Cours2019-2020/Cours/T1_Genie_logiciel/Projet/project_GL_uqac_automne2019/inc/SigninWindow.h:55: warning: Member showEvent(QShowEvent *event) (function) of class SigninWindow is not documented.
/home/mathias/Bureau/UQAC/Cours2019-2020/Cours/T1_Genie_logiciel/Projet/project_GL_uqac_automne2019/inc/SigninWindow.h:58: warning: Member SigninWindow(const SigninWindow &other) (function) of class SigninWindow is not documented.
/home/mathias/Bureau/UQAC/Cours2019-2020/Cours/T1_Genie_logiciel/Projet/project_GL_uqac_automne2019/inc/SigninWindow.h:59: warning: Member operator=(const SigninWindow &other) (function) of class SigninWindow is not documented.
/home/mathias/Bureau/UQAC/Cours2019-2020/Cours/T1_Genie_logiciel/Projet/project_GL_uqac_automne2019/inc/SigninWindow.h:60: warning: Member init(const SigninWindow *other=nullptr) (function) of class SigninWindow is not documented.
/home/mathias/Bureau/UQAC/Cours2019-2020/Cours/T1_Genie_logiciel/Projet/project_GL_uqac_automne2019/inc/SigninWindow.h:62: warning: Member backConnect() (function) of class SigninWindow is not documented.
/home/mathias/Bureau/UQAC/Cours2019-2020/Cours/T1_Genie_logiciel/Projet/project_GL_uqac_automne2019/inc/SigninWindow.h:81: warning: Member centerLayout (variable) of class SigninWindow is not documented.
/home/mathias/Bureau/UQAC/Cours2019-2020/Cours/T1_Genie_logiciel/Projet/project_GL_uqac_automne2019/inc/SigninWindow.h:82: warning: Member center (variable) of class SigninWindow is not documented.
/home/mathias/Bureau/UQAC/Cours2019-2020/Cours/T1_Genie_logiciel/Projet/project_GL_uqac_automne2019/inc/SigninWindow.h:84: warning: Member _registerer (variable) of class SigninWindow is not documented.
/home/mathias/Bureau/UQAC/Cours2019-2020/Cours/T1_Genie_logiciel/Projet/project_GL_uqac_automne2019/inc/SigninWindow.h:85: warning: Member _teamName (variable) of class SigninWindow is not documented.
/home/mathias/Bureau/UQAC/Cours2019-2020/Cours/T1_Genie_logiciel/Projet/project_GL_uqac_automne2019/inc/SigninWindow.h:86: warning: Member _signin (variable) of class SigninWindow is not documented.
/home/mathias/Bureau/UQAC/Cours2019-2020/Cours/T1_Genie_logiciel/Projet/project_GL_uqac_automne2019/inc/SigninWindow.h:87: warning: Member _connect (variable) of class SigninWindow is not documented.
/home/mathias/Bureau/UQAC/Cours2019-2020/Cours/T1_Genie_logiciel/Projet/project_GL_uqac_automne2019/inc/SigninWindow.h:89: warning: Member _connectWindow (variable) of class SigninWindow is not documented.
/home/mathias/Bureau/UQAC/Cours2019-2020/Cours/T1_Genie_logiciel/Projet/project_GL_uqac_automne2019/inc/SigninWindow.h:90: warning: Member _api (variable) of class SigninWindow is not documented.
/home/mathias/Bureau/UQAC/Cours2019-2020/Cours/T1_Genie_logiciel/Projet/project_GL_uqac_automne2019/inc/TeamMember.h:8: warning: Member TeamMember(const std::string &id, double nbHours, QString firstName, QString lastName, const std::vector< QString > &daysOff) (function) of class TeamMember is not documented.
/home/mathias/Bureau/UQAC/Cours2019-2020/Cours/T1_Genie_logiciel/Projet/project_GL_uqac_automne2019/inc/TeamMember.h:15: warning: Member getId() const (function) of class TeamMember is not documented.
/home/mathias/Bureau/UQAC/Cours2019-2020/Cours/T1_Genie_logiciel/Projet/project_GL_uqac_automne2019/inc/TeamMember.h:16: warning: Member getNbHours() const (function) of class TeamMember is not documented.
/home/mathias/Bureau/UQAC/Cours2019-2020/Cours/T1_Genie_logiciel/Projet/project_GL_uqac_automne2019/inc/TeamMember.h:17: warning: Member getFirstName() const (function) of class TeamMember is not documented.
/home/mathias/Bureau/UQAC/Cours2019-2020/Cours/T1_Genie_logiciel/Projet/project_GL_uqac_automne2019/inc/TeamMember.h:18: warning: Member getLastName() const (function) of class TeamMember is not documented.
/home/mathias/Bureau/UQAC/Cours2019-2020/Cours/T1_Genie_logiciel/Projet/project_GL_uqac_automne2019/inc/TeamMember.h:19: warning: Member getDaysOff() const (function) of class TeamMember is not documented.
/home/mathias/Bureau/UQAC/Cours2019-2020/Cours/T1_Genie_logiciel/Projet/project_GL_uqac_automne2019/inc/TeamMember.h:20: warning: Member daysOffToQString() (function) of class TeamMember is not documented.
/home/mathias/Bureau/UQAC/Cours2019-2020/Cours/T1_Genie_logiciel/Projet/project_GL_uqac_automne2019/inc/TeamMember.h:22: warning: Member setId(const std::string &id) (function) of class TeamMember is not documented.
/home/mathias/Bureau/UQAC/Cours2019-2020/Cours/T1_Genie_logiciel/Projet/project_GL_uqac_automne2019/inc/TeamMember.h:23: warning: Member setNbHours(double nbHours) (function) of class TeamMember is not documented.
/home/mathias/Bureau/UQAC/Cours2019-2020/Cours/T1_Genie_logiciel/Projet/project_GL_uqac_automne2019/inc/TeamMember.h:24: warning: Member setFirstName(QString firstName) (function) of class TeamMember is not documented.
/home/mathias/Bureau/UQAC/Cours2019-2020/Cours/T1_Genie_logiciel/Projet/project_GL_uqac_automne2019/inc/TeamMember.h:25: warning: Member setLastName(QString lastName) (function) of class TeamMember is not documented.
/home/mathias/Bureau/UQAC/Cours2019-2020/Cours/T1_Genie_logiciel/Projet/project_GL_uqac_automne2019/inc/TeamMember.h:26: warning: Member setDaysOff(std::vector< QString > &daysOff) (function) of class TeamMember is not documented.
/home/mathias/Bureau/UQAC/Cours2019-2020/Cours/T1_Genie_logiciel/Projet/project_GL_uqac_automne2019/inc/TeamMember.h:27: warning: Member setDaysOffFromQString(QString daysOff) (function) of class TeamMember is not documented.
/home/mathias/Bureau/UQAC/Cours2019-2020/Cours/T1_Genie_logiciel/Projet/project_GL_uqac_automne2019/inc/TeamMember.h:31: warning: Member _id (variable) of class TeamMember is not documented.
/home/mathias/Bureau/UQAC/Cours2019-2020/Cours/T1_Genie_logiciel/Projet/project_GL_uqac_automne2019/inc/TeamMember.h:32: warning: Member _nbHours (variable) of class TeamMember is not documented.
/home/mathias/Bureau/UQAC/Cours2019-2020/Cours/T1_Genie_logiciel/Projet/project_GL_uqac_automne2019/inc/TeamMember.h:33: warning: Member _firstName (variable) of class TeamMember is not documented.
/home/mathias/Bureau/UQAC/Cours2019-2020/Cours/T1_Genie_logiciel/Projet/project_GL_uqac_automne2019/inc/TeamMember.h:33: warning: Member _lastName (variable) of class TeamMember is not documented.
/home/mathias/Bureau/UQAC/Cours2019-2020/Cours/T1_Genie_logiciel/Projet/project_GL_uqac_automne2019/inc/TeamMember.h:34: warning: Member _daysOff (variable) of class TeamMember is not documented.
/home/mathias/Bureau/UQAC/Cours2019-2020/Cours/T1_Genie_logiciel/Projet/project_GL_uqac_automne2019/inc/TeamMember.h:11: warning: Member operator<<(std::ostream &os, const TeamMember &tm) (friend) of class TeamMember is not documented.
/home/mathias/Bureau/UQAC/Cours2019-2020/Cours/T1_Genie_logiciel/Projet/project_GL_uqac_automne2019/inc/TeamMember.h:12: warning: Member operator>>(std::ifstream &is, TeamMember &tm) (friend) of class TeamMember is not documented.
/home/mathias/Bureau/UQAC/Cours2019-2020/Cours/T1_Genie_logiciel/Projet/project_GL_uqac_automne2019/inc/TeamMember.h:13: warning: Member operator<<(std::ofstream &os, const TeamMember &tm) (friend) of class TeamMember is not documented.
