2019-11-24 15:37:06,488 [Worker-110: Building workspace] INFO  o.e.m.c.i.embedder.EclipseLogger - Using 'UTF-8' encoding to copy filtered resources.
2019-11-24 15:37:06,489 [Worker-110: Building workspace] INFO  o.e.m.c.i.embedder.EclipseLogger - Copying 0 resource
2019-11-24 15:37:06,489 [Worker-110: Building workspace] INFO  o.e.m.c.i.embedder.EclipseLogger - Copying 0 resource
2019-11-24 15:37:06,490 [Worker-110: Building workspace] INFO  o.e.m.c.i.embedder.EclipseLogger - Using 'UTF-8' encoding to copy filtered resources.
2019-11-24 15:37:06,490 [Worker-110: Building workspace] INFO  o.e.m.c.i.embedder.EclipseLogger - skip non existing resourceDirectory /home/pierre-alban/Documents/Genie Logiciel/project_GL_uqac_automne2019/TeamMemberService/src/test/resources
2019-11-24 15:37:06,502 [Worker-110: Building workspace] INFO  o.e.m.c.i.embedder.EclipseLogger - Using 'UTF-8' encoding to copy filtered resources.
2019-11-24 15:37:06,503 [Worker-110: Building workspace] INFO  o.e.m.c.i.embedder.EclipseLogger - Copying 1 resource
2019-11-24 15:37:06,503 [Worker-110: Building workspace] INFO  o.e.m.c.i.embedder.EclipseLogger - Copying 0 resource
2019-11-24 15:37:06,504 [Worker-110: Building workspace] INFO  o.e.m.c.i.embedder.EclipseLogger - Using 'UTF-8' encoding to copy filtered resources.
2019-11-24 15:37:06,504 [Worker-110: Building workspace] INFO  o.e.m.c.i.embedder.EclipseLogger - skip non existing resourceDirectory /home/pierre-alban/Documents/Genie Logiciel/project_GL_uqac_automne2019/TeamService/src/test/resources
2019-11-24 15:37:06,521 [Worker-110: Building workspace] INFO  o.e.m.c.i.embedder.EclipseLogger - Using 'UTF-8' encoding to copy filtered resources.
2019-11-24 15:37:06,521 [Worker-110: Building workspace] INFO  o.e.m.c.i.embedder.EclipseLogger - Copying 0 resource
2019-11-24 15:37:06,521 [Worker-110: Building workspace] INFO  o.e.m.c.i.embedder.EclipseLogger - Copying 0 resource
2019-11-24 15:37:06,522 [Worker-110: Building workspace] INFO  o.e.m.c.i.embedder.EclipseLogger - Using 'UTF-8' encoding to copy filtered resources.
2019-11-24 15:37:06,522 [Worker-110: Building workspace] INFO  o.e.m.c.i.embedder.EclipseLogger - skip non existing resourceDirectory /home/pierre-alban/Documents/Genie Logiciel/project_GL_uqac_automne2019/UserService/src/test/resources
2019-11-24 15:37:06,967 [Worker-110: Building workspace] INFO  o.e.m.c.i.embedder.EclipseLogger - Using 'UTF-8' encoding to copy filtered resources.
2019-11-24 15:37:06,967 [Worker-110: Building workspace] INFO  o.e.m.c.i.embedder.EclipseLogger - Copying 1 resource
2019-11-24 15:37:06,967 [Worker-110: Building workspace] INFO  o.e.m.c.i.embedder.EclipseLogger - Copying 0 resource
2019-11-24 15:37:06,969 [Worker-110: Building workspace] INFO  o.e.m.c.i.embedder.EclipseLogger - Using 'UTF-8' encoding to copy filtered resources.
2019-11-24 15:37:06,969 [Worker-110: Building workspace] INFO  o.e.m.c.i.embedder.EclipseLogger - skip non existing resourceDirectory /home/pierre-alban/Documents/Genie Logiciel/project_GL_uqac_automne2019/register/src/test/resources
2019-11-24 15:37:07,334 [Worker-110: Building workspace] INFO  o.e.m.c.i.embedder.EclipseLogger - Using 'UTF-8' encoding to copy filtered resources.
2019-11-24 15:37:07,334 [Worker-110: Building workspace] INFO  o.e.m.c.i.embedder.EclipseLogger - Copying 1 resource
2019-11-24 15:37:07,334 [Worker-110: Building workspace] INFO  o.e.m.c.i.embedder.EclipseLogger - Copying 0 resource
2019-11-24 15:37:07,336 [Worker-110: Building workspace] INFO  o.e.m.c.i.embedder.EclipseLogger - Using 'UTF-8' encoding to copy filtered resources.
2019-11-24 15:37:07,336 [Worker-110: Building workspace] INFO  o.e.m.c.i.embedder.EclipseLogger - skip non existing resourceDirectory /home/pierre-alban/Documents/Genie Logiciel/project_GL_uqac_automne2019/verification/src/test/resources
2019-11-24 15:37:38,986 [Worker-107: Building workspace] INFO  o.e.m.c.i.embedder.EclipseLogger - Using 'UTF-8' encoding to copy filtered resources.
2019-11-24 15:37:38,988 [Worker-107: Building workspace] INFO  o.e.m.c.i.embedder.EclipseLogger - Copying 1 resource
2019-11-24 15:37:38,989 [Worker-107: Building workspace] INFO  o.e.m.c.i.embedder.EclipseLogger - Copying 0 resource
2019-11-24 15:37:38,990 [Worker-107: Building workspace] INFO  o.e.m.c.i.embedder.EclipseLogger - Using 'UTF-8' encoding to copy filtered resources.
2019-11-24 15:37:38,990 [Worker-107: Building workspace] INFO  o.e.m.c.i.embedder.EclipseLogger - skip non existing resourceDirectory /home/pierre-alban/Documents/Genie Logiciel/project_GL_uqac_automne2019/auth/src/test/resources
2019-11-24 15:37:41,561 [Worker-104: Building workspace] INFO  o.e.m.c.i.embedder.EclipseLogger - Using 'UTF-8' encoding to copy filtered resources.
2019-11-24 15:37:41,562 [Worker-104: Building workspace] INFO  o.e.m.c.i.embedder.EclipseLogger - Copying 1 resource
2019-11-24 15:37:41,562 [Worker-104: Building workspace] INFO  o.e.m.c.i.embedder.EclipseLogger - Copying 0 resource
2019-11-24 15:37:41,563 [Worker-104: Building workspace] INFO  o.e.m.c.i.embedder.EclipseLogger - Using 'UTF-8' encoding to copy filtered resources.
2019-11-24 15:37:41,563 [Worker-104: Building workspace] INFO  o.e.m.c.i.embedder.EclipseLogger - skip non existing resourceDirectory /home/pierre-alban/Documents/Genie Logiciel/project_GL_uqac_automne2019/auth/src/test/resources
2019-11-24 15:37:45,285 [Worker-107: Building workspace] INFO  o.e.m.c.i.embedder.EclipseLogger - Using 'UTF-8' encoding to copy filtered resources.
2019-11-24 15:37:45,285 [Worker-107: Building workspace] INFO  o.e.m.c.i.embedder.EclipseLogger - Copying 1 resource
2019-11-24 15:37:45,286 [Worker-107: Building workspace] INFO  o.e.m.c.i.embedder.EclipseLogger - Copying 0 resource
2019-11-24 15:37:45,287 [Worker-107: Building workspace] INFO  o.e.m.c.i.embedder.EclipseLogger - Using 'UTF-8' encoding to copy filtered resources.
2019-11-24 15:37:45,287 [Worker-107: Building workspace] INFO  o.e.m.c.i.embedder.EclipseLogger - skip non existing resourceDirectory /home/pierre-alban/Documents/Genie Logiciel/project_GL_uqac_automne2019/auth/src/test/resources
